#
# A fatal error has been detected by the Java Runtime Environment:
#
#  EXCEPTION_ACCESS_VIOLATION (0xc0000005) at pc=0x000000240000026b, pid=41608, tid=38088
#
# JRE version: OpenJDK Runtime Environment Microsoft-11933218 (21.0.8+9) (build 21.0.8+9-LTS)
# Java VM: OpenJDK 64-Bit Server VM Microsoft-11933218 (21.0.8+9-LTS, mixed mode, sharing, tiered, compressed oops, compressed class ptrs, g1 gc, windows-amd64)
# Problematic frame:
# C  [jdwp.dll+0x16534]
#
# No core dump will be written. Minidumps are not enabled by default on client versions of Windows
#
# If you would like to submit a bug report, please visit:
#   https://github.com/microsoft/openjdk/issues
# The crash happened outside the Java Virtual Machine in native code.
# See problematic frame for where to report the bug.
#

---------------  S U M M A R Y ------------

Command Line: -Ddebugger.agent.enable.coroutines=true -Ddebugger.async.stack.trace.for.all.threads=true -Dkotlinx.coroutines.debug.enable.creation.stack.trace=false -Dkotlinx.coroutines.debug.enable.flows.stack.trace=true -Dkotlinx.coroutines.debug.enable.mutable.state.flows.stack.trace=true -agentlib:jdwp=transport=dt_socket,server=n,suspend=y,address=127.0.0.1:63742 -javaagent:C:\Users\mgear\AppData\Local\JetBrains\IntelliJIdea2025.3\captureAgent\debugger-agent.jar=file:///C:/Users/mgear/AppData/Local/Temp/capture6180016229093551940.props -Dfile.encoding=UTF-8 -Duser.country=GB -Duser.language=en -Duser.variant org.example.DesktopLauncher

Host: Intel(R) Core(TM) i7-10700K CPU @ 3.80GHz, 16 cores, 31G,  Windows 10 , 64 bit Build 19041 (10.0.19041.5915)
Time: Thu Feb 26 13:15:46 2026 GMT Standard Time elapsed time: 0.442507 seconds (0d 0h 0m 0s)

---------------  T H R E A D  ---------------

Current thread (0x000001f9e6a26330):  JavaThread "main"             [_thread_in_native, id=38088, stack(0x000000abdf600000,0x000000abdf700000) (1024K)]

Stack: [0x000000abdf600000,0x000000abdf700000],  sp=0x000000abdf6fbf50,  free space=1007k
Native frames: (J=compiled Java code, j=interpreted, Vv=VM code, C=native code)
C  0x000000240000026b

Java frames: (J=compiled Java code, j=interpreted, Vv=VM code)
j  org.lwjgl.system.jemalloc.JEmalloc.nje_malloc(J)J+0
j  org.lwjgl.system.jemalloc.JEmalloc.<clinit>()V+44
v  ~StubRoutines::call_stub 0x000001f9f657100d
j  org.lwjgl.system.jemalloc.JEmallocAllocator.<clinit>()V+0
v  ~StubRoutines::call_stub 0x000001f9f657100d
j  java.lang.Class.forName0(Ljava/lang/String;ZLjava/lang/ClassLoader;Ljava/lang/Class;)Ljava/lang/Class;+0 java.base@21.0.8
j  java.lang.Class.forName(Ljava/lang/String;Ljava/lang/Class;)Ljava/lang/Class;+19 java.base@21.0.8
j  java.lang.Class.forName(Ljava/lang/String;)Ljava/lang/Class;+6 java.base@21.0.8
j  org.lwjgl.system.MemoryManage.getInstance()Lorg/lwjgl/system/MemoryUtil$MemoryAllocator;+68
j  org.lwjgl.system.MemoryUtil$LazyInit.<clinit>()V+0
v  ~StubRoutines::call_stub 0x000001f9f657100d
j  org.lwjgl.system.MemoryUtil.getAllocator(Z)Lorg/lwjgl/system/MemoryUtil$MemoryAllocator;+10
j  org.lwjgl.system.MemoryUtil.getAllocator()Lorg/lwjgl/system/MemoryUtil$MemoryAllocator;+1
j  org.lwjgl.system.Callback.<clinit>()V+217
v  ~StubRoutines::call_stub 0x000001f9f657100d
j  com.badlogic.gdx.backends.lwjgl3.Lwjgl3Application.initializeGlfw()V+21
j  com.badlogic.gdx.backends.lwjgl3.Lwjgl3Application.<init>(Lcom/badlogic/gdx/ApplicationListener;Lcom/badlogic/gdx/backends/lwjgl3/Lwjgl3ApplicationConfiguration;)V+82
j  org.example.DesktopLauncher.main([Ljava/lang/String;)V+36
v  ~StubRoutines::call_stub 0x000001f9f657100d

siginfo: EXCEPTION_ACCESS_VIOLATION (0xc0000005), data execution prevention violation at address 0x000000240000026b


Registers:
RAX=0x000001f9d1511a10, RBX=0x000001f98ba6a510, RCX=0x000001f9e6a266e8, RDX=0x000001f98ba6a510
RSP=0x000000abdf6fbf48, RBP=0x0000000000000002, RSI=0x000000abdf6fc000, RDI=0x000001f9e6a266e8
R8 =0x000000240000026b, R9 =0x00007ff9c27addc0, R10=0x00007ffa30790000, R11=0x000000abdf6fbf18
R12=0x0000000000000007, R13=0x000001f9e6a26900, R14=0x00007ffa1b1b0300, R15=0x0000000000000000
RIP=0x000000240000026b, EFLAGS=0x0000000000010202

XMM[0]=0x0000000000000000 0x0000000000000000
XMM[1]=0x0000000000000000 0x0000000000000000
XMM[2]=0x0000000000000000 0x0000000000000000
XMM[3]=0x0000000000000000 0x0000000000000000
XMM[4]=0x0000000000000000 0x0000000000000000
XMM[5]=0x0000000000000000 0x0000000000000000
XMM[6]=0x9c1d537212c2a0bb 0x32dca3f644493af1
XMM[7]=0xca0e31af4a61e467 0x7f4881ef5486ab2d
XMM[8]=0x057316e3bd69ecf1 0x5120ff6cd2feee14
XMM[9]=0x073b7c41073b7c41 0x073b7c412b901d03
XMM[10]=0x0000000000000000 0x000000002454a0c2
XMM[11]=0xe7135f4ae7135f4a 0xe7135f4a12a37c4d
XMM[12]=0x0000000000000000 0x000000002b901d03
XMM[13]=0x0000000000000000 0x0000000000000000
XMM[14]=0x0000000000000000 0x0000000000000000
XMM[15]=0x0000000000000000 0x0000000000000000
  MXCSR=0x00001fa0


Register to memory mapping:

RAX=0x000001f9d1511a10 points into unknown readable memory: 0x0000000000000000 | 00 00 00 00 00 00 00 00
RBX=0x000001f98ba6a510 points into unknown readable memory: 0x000000062140a690 | 90 a6 40 21 06 00 00 00
RCX=0x000001f9e6a266e8 points into unknown readable memory: 0x000001f9d1511a10 | 10 1a 51 d1 f9 01 00 00
RDX=0x000001f98ba6a510 points into unknown readable memory: 0x000000062140a690 | 90 a6 40 21 06 00 00 00
RSP=0x000000abdf6fbf48 is pointing into the stack for thread: 0x000001f9e6a26330
RBP=0x0000000000000002 is an unknown value
RSI=0x000000abdf6fc000 is pointing into the stack for thread: 0x000001f9e6a26330
RDI=0x000001f9e6a266e8 points into unknown readable memory: 0x000001f9d1511a10 | 10 1a 51 d1 f9 01 00 00
R8 =0x000000240000026b is an unknown value
R9 =0x00007ff9c27addc0 jvm.dll
R10=0x00007ffa30790000 VCRUNTIME140.dll
R11=0x000000abdf6fbf18 is pointing into the stack for thread: 0x000001f9e6a26330
R12=0x0000000000000007 is an unknown value
R13=0x000001f9e6a26900 points into unknown readable memory: 0x000001f98bc460e0 | e0 60 c4 8b f9 01 00 00
R14=0x00007ffa1b1b0300 jdwp.dll
R15=0x0 is null

Top of Stack: (sp=0x000000abdf6fbf48)
0x000000abdf6fbf48:   00007ffa1b196534 000001f98ba6a510
0x000000abdf6fbf58:   000000abdf6fc000 0000000000000000
0x000000abdf6fbf68:   0000000000000000 000001f98ba5dff0
0x000000abdf6fbf78:   00007ffa3a2d4d6d 000001f9e4834440
0x000000abdf6fbf88:   00007ffa1b1b03a0 000001f98ba6a510
0x000000abdf6fbf98:   00007ffa1b192b1f 000001f98ba6a510
0x000000abdf6fbfa8:   0000000000000002 000001f9e6a266e8
0x000000abdf6fbfb8:   000001f98ba6a518 00000000ffffffff
0x000000abdf6fbfc8:   00007ff9c25f240f 00000000ffffffff
0x000000abdf6fbfd8:   000001f98bb6c100 0000000000000000
0x000000abdf6fbfe8:   0000000000000000 000000abdf6fc170
0x000000abdf6fbff8:   000000abdf6fc310 0000000000000007
0x000000abdf6fc008:   000001f98ba6a510 0000000000000000
0x000000abdf6fc018:   000001f98ba6a518 0000000000000000
0x000000abdf6fc028:   0000000000000000 0000000000000000
0x000000abdf6fc038:   0000000000000000 0000000000000000
0x000000abdf6fc048:   0000000000000000 0000000000000000
0x000000abdf6fc058:   000001f98bc36530 000001f98d01ce00
0x000000abdf6fc068:   00007ff9c28eb14b 000001f98ba6a518
0x000000abdf6fc078:   000001f98bc36530 000001f9e6a26330
0x000000abdf6fc088:   0000000000000000 000001f9e48343f0
0x000000abdf6fc098:   000001f9e4852530 000000abdf6fc200
0x000000abdf6fc0a8:   0000000000000005 000042f5079f538c
0x000000abdf6fc0b8:   000001f9cd4d0f40 00005061166a861c
0x000000abdf6fc0c8:   0000000000000001 000001f9e484f510
0x000000abdf6fc0d8:   000001f9e6a26990 000001f9e6a269a0
0x000000abdf6fc0e8:   000001f9e6a26d78 00000000000003d8
0x000000abdf6fc0f8:   000001f9e6a26330 000001f9e6a26330
0x000000abdf6fc108:   000001f9e484f650 000001f9e483cb80
0x000000abdf6fc118:   000001f9e483cbf0 000001f9e483cc68
0x000000abdf6fc128:   00000000000000d8 000000abdf6fc140
0x000000abdf6fc138:   00007ff9c29feed3 000001f9e6a26330 

Instructions: (pc=0x00007ffa1b196534)
0x00007ffa1b196434:   0d 17 6b 01 00 48 8b d3 e8 cb 50 00 00 41 8b cc
0x00007ffa1b196444:   e8 4f 9f ff ff 48 8b d0 48 8d 0d 8d a0 01 00 e8
0x00007ffa1b196454:   5c 51 00 00 4c 8b 4e 28 48 8d 0d 95 a0 01 00 4c
0x00007ffa1b196464:   8b 46 20 48 8b 56 08 e8 30 10 01 00 48 8b 05 b9
0x00007ffa1b196474:   0c 02 00 f6 80 10 02 00 00 02 74 28 41 b8 6a 02
0x00007ffa1b196484:   00 00 48 8d 0d 63 5f 01 00 48 8b d3 e8 77 50 00
0x00007ffa1b196494:   00 48 8d 15 4c 60 01 00 48 8d 0d 65 5f 01 00 e8
0x00007ffa1b1964a4:   0c 51 00 00 48 8b 07 48 8b cf 48 8b 50 78 ff d2
0x00007ffa1b1964b4:   48 8b 0d 75 0c 02 00 4c 8b f8 f6 81 10 02 00 00
0x00007ffa1b1964c4:   02 74 28 41 b8 6b 02 00 00 48 8d 0d 1c 5f 01 00
0x00007ffa1b1964d4:   48 8b d3 e8 30 50 00 00 48 8d 15 3d 60 01 00 48
0x00007ffa1b1964e4:   8d 0d 1e 5f 01 00 e8 c5 50 00 00 48 8b 07 48 8b
0x00007ffa1b1964f4:   cf 48 8b 90 88 00 00 00 ff d2 83 3d e7 07 02 00
0x00007ffa1b196504:   00 76 0f e8 1c 5a ff ff c7 05 d6 07 02 00 00 00
0x00007ffa1b196514:   00 00 48 8b 5e 08 48 85 db 74 4b 48 8b 05 0a 0c
0x00007ffa1b196524:   02 00 80 78 13 00 74 0b 48 8b cb e8 bc 09 01 00
0x00007ffa1b196534:   88 46 10 4d 8b c7 48 8b d6 41 8a ce e8 fb a1 00
0x00007ffa1b196544:   00 48 8b e8 48 85 c0 75 25 48 8b cb e8 d7 44 00
0x00007ffa1b196554:   00 84 c0 0f 84 f2 00 00 00 48 8b d3 41 8a ce e8
0x00007ffa1b196564:   b0 13 00 00 eb e3 e8 11 0e 00 00 48 8b e8 4c 8b
0x00007ffa1b196574:   cd 44 88 74 24 20 45 8b c4 48 8b d6 48 8b cf e8
0x00007ffa1b196584:   e8 00 00 00 83 3e 14 75 0b 48 8b 05 9c 0b 02 00
0x00007ffa1b196594:   c6 40 10 01 48 85 db 75 08 48 8b cd e8 3f 51 ff
0x00007ffa1b1965a4:   ff 48 8b 05 84 0b 02 00 4d 85 ff 74 47 f6 80 10
0x00007ffa1b1965b4:   02 00 00 02 74 2c 41 b8 b3 02 00 00 48 8d 15 d9
0x00007ffa1b1965c4:   9d 01 00 48 8d 0d 22 5e 01 00 e8 39 4f 00 00 48
0x00007ffa1b1965d4:   8d 15 26 79 01 00 48 8d 0d 27 5e 01 00 e8 ce 4f
0x00007ffa1b1965e4:   00 00 48 8b 07 49 8b d7 48 8b cf 4c 8b 40 68 41
0x00007ffa1b1965f4:   ff d0 eb 45 f6 80 10 02 00 00 02 74 2c 41 b8 b5
0x00007ffa1b196604:   02 00 00 48 8d 15 92 9d 01 00 48 8d 0d db 5d 01
0x00007ffa1b196614:   00 e8 f2 4e 00 00 48 8d 15 ff 5e 01 00 48 8d 0d
0x00007ffa1b196624:   e0 5d 01 00 e8 87 4f 00 00 48 8b 07 48 8b cf 4c 


Stack slot to memory mapping:

stack at sp + 0 slots: 0x000001f98ba6a510 points into unknown readable memory: 0x000000062140a690 | 90 a6 40 21 06 00 00 00
stack at sp + 1 slots: 0x000000abdf6fc000 is pointing into the stack for thread: 0x000001f9e6a26330
stack at sp + 2 slots: 0x0 is null
stack at sp + 3 slots: 0x0 is null
stack at sp + 4 slots: 0x000001f98ba5dff0 points into unknown readable memory: 0x000001f9ef120490 | 90 04 12 ef f9 01 00 00
stack at sp + 5 slots: 0x00007ffa3a2d4d6d ntdll.dll
stack at sp + 6 slots: 0x000001f9e4834440 points into unknown readable memory: 0x8000001200000001 | 01 00 00 00 12 00 00 80
stack at sp + 7 slots: 0x00007ffa1b1b03a0 jdwp.dll


---------------  P R O C E S S  ---------------

Threads class SMR info:
_java_thread_list=0x000001f9d1057bd0, length=18, elements={
0x000001f9e6a26330, 0x000001f98ba62b80, 0x000001f98ba63a90, 0x000001f98ba68770,
0x000001f98ba6b450, 0x000001f98ba6cc10, 0x000001f98ba6bef0, 0x000001f98ba7e580,
0x000001f98ba9f020, 0x000001f98ba6c580, 0x000001f98bbb1420, 0x000001f98bbb2720,
0x000001f98bdd39f0, 0x000001f98bdd4280, 0x000001f98bdd4900, 0x000001f98ba6d2a0,
0x000001f98ba6d930, 0x000001f9d108c7d0
}

Java Threads: ( => current thread )
=>0x000001f9e6a26330 JavaThread "main"                              [_thread_in_native, id=38088, stack(0x000000abdf600000,0x000000abdf700000) (1024K)]
  0x000001f98ba62b80 JavaThread "Reference Handler"          daemon [_thread_blocked, id=15804, stack(0x000000abdfe00000,0x000000abdff00000) (1024K)]
  0x000001f98ba63a90 JavaThread "Finalizer"                  daemon [_thread_blocked, id=4200, stack(0x000000abdff00000,0x000000abe0000000) (1024K)]
  0x000001f98ba68770 JavaThread "Signal Dispatcher"          daemon [_thread_blocked, id=42252, stack(0x000000abe0000000,0x000000abe0100000) (1024K)]
  0x000001f98ba6b450 JavaThread "Attach Listener"            daemon [_thread_blocked, id=41492, stack(0x000000abe0100000,0x000000abe0200000) (1024K)]
  0x000001f98ba6cc10 JavaThread "Service Thread"             daemon [_thread_blocked, id=25012, stack(0x000000abe0200000,0x000000abe0300000) (1024K)]
  0x000001f98ba6bef0 JavaThread "Monitor Deflation Thread"   daemon [_thread_blocked, id=17196, stack(0x000000abe0300000,0x000000abe0400000) (1024K)]
  0x000001f98ba7e580 JavaThread "C2 CompilerThread0"         daemon [_thread_blocked, id=6408, stack(0x000000abe0400000,0x000000abe0500000) (1024K)]
  0x000001f98ba9f020 JavaThread "C1 CompilerThread0"         daemon [_thread_blocked, id=29812, stack(0x000000abe0500000,0x000000abe0600000) (1024K)]
  0x000001f98ba6c580 JavaThread "Common-Cleaner"             daemon [_thread_blocked, id=10656, stack(0x000000abe0600000,0x000000abe0700000) (1024K)]
  0x000001f98bbb1420 JavaThread "C1 CompilerThread1"         daemon [_thread_blocked, id=19244, stack(0x000000abe0700000,0x000000abe0800000) (1024K)]
  0x000001f98bbb2720 JavaThread "C1 CompilerThread2"         daemon [_thread_blocked, id=42876, stack(0x000000abe0800000,0x000000abe0900000) (1024K)]
  0x000001f98bdd39f0 JavaThread "JDWP Transport Listener: dt_socket" daemon [_thread_blocked, id=29224, stack(0x000000abe0900000,0x000000abe0a00000) (1024K)]
  0x000001f98bdd4280 JavaThread "JDWP Event Helper Thread"   daemon [_thread_blocked, id=36952, stack(0x000000abe0a00000,0x000000abe0b00000) (1024K)]
  0x000001f98bdd4900 JavaThread "JDWP Command Reader"        daemon [_thread_in_native, id=7580, stack(0x000000abe0b00000,0x000000abe0c00000) (1024K)]
  0x000001f98ba6d2a0 JavaThread "IntelliJ Suspend Helper"    daemon [_thread_blocked, id=38988, stack(0x000000abe0c00000,0x000000abe0d00000) (1024K)]
  0x000001f98ba6d930 JavaThread "Notification Thread"        daemon [_thread_blocked, id=31468, stack(0x000000abe0d00000,0x000000abe0e00000) (1024K)]
  0x000001f9d108c7d0 JavaThread "C2 CompilerThread1"         daemon [_thread_blocked, id=5328, stack(0x000000abe0e00000,0x000000abe0f00000) (1024K)]
Total: 18

Other Threads:
  0x000001f9ffc6e020 VMThread "VM Thread"                           [id=32460, stack(0x000000abdfd00000,0x000000abdfe00000) (1024K)]
  0x000001f9ffc64590 WatcherThread "VM Periodic Task Thread"        [id=31832, stack(0x000000abdfc00000,0x000000abdfd00000) (1024K)]
  0x000001f9e6a8ea20 WorkerThread "GC Thread#0"                     [id=24780, stack(0x000000abdf700000,0x000000abdf800000) (1024K)]
  0x000001f9e6a9f750 ConcurrentGCThread "G1 Main Marker"            [id=37620, stack(0x000000abdf800000,0x000000abdf900000) (1024K)]
  0x000001f9e6aa0310 WorkerThread "G1 Conc#0"                       [id=28644, stack(0x000000abdf900000,0x000000abdfa00000) (1024K)]
  0x000001f9ffb26b10 ConcurrentGCThread "G1 Refine#0"               [id=39196, stack(0x000000abdfa00000,0x000000abdfb00000) (1024K)]
  0x000001f9ffb295a0 ConcurrentGCThread "G1 Service"                [id=41416, stack(0x000000abdfb00000,0x000000abdfc00000) (1024K)]
Total: 7

Threads with active compile tasks:
Total: 0

VM state: not at safepoint (normal execution)

VM Mutex/Monitor currently owned by a thread: None

Heap address: 0x0000000601800000, size: 8168 MB, Compressed Oops mode: Zero based, Oop shift amount: 3

CDS archive(s) mapped at: [0x000001f98c000000-0x000001f98cc80000-0x000001f98cc80000), size 13107200, SharedBaseAddress: 0x000001f98c000000, ArchiveRelocationMode: 1.
Compressed class space mapped at: 0x000001f98d000000-0x000001f9cd000000, reserved size: 1073741824
Narrow klass base: 0x000001f98c000000, Narrow klass shift: 0, Narrow klass range: 0x100000000

GC Precious Log:
 CardTable entry size: 512
 Card Set container configuration: InlinePtr #cards 4 size 8 Array Of Cards #cards 32 size 80 Howl #buckets 8 coarsen threshold 7372 Howl Bitmap #cards 1024 size 144 coarsen threshold 921 Card regions per heap region 1 cards per card region 8192
 CPUs: 16 total, 16 available
 Memory: 32671M
 Large Page Support: Disabled
 NUMA Support: Disabled
 Compressed Oops: Enabled (Zero based)
 Heap Region Size: 4M
 Heap Min Capacity: 8M
 Heap Initial Capacity: 512M
 Heap Max Capacity: 8168M
 Pre-touch: Disabled
 Parallel Workers: 13
 Concurrent Workers: 3
 Concurrent Refinement Workers: 13
 Periodic GC: Disabled

Heap:
 garbage-first heap   total 524288K, used 12288K [0x0000000601800000, 0x0000000800000000)
  region size 4096K, 4 young (16384K), 0 survivors (0K)
 Metaspace       used 4544K, committed 4736K, reserved 1114112K
  class space    used 384K, committed 448K, reserved 1048576K

Heap Regions: E=young(eden), S=young(survivor), O=old, HS=humongous(starts), HC=humongous(continues), CS=collection set, F=free, TAMS=top-at-mark-start, PB=parsable bottom
|   0|0x0000000601800000, 0x0000000601800000, 0x0000000601c00000|  0%| F|  |TAMS 0x0000000601800000| PB 0x0000000601800000| Untracked 
|   1|0x0000000601c00000, 0x0000000601c00000, 0x0000000602000000|  0%| F|  |TAMS 0x0000000601c00000| PB 0x0000000601c00000| Untracked 
|   2|0x0000000602000000, 0x0000000602000000, 0x0000000602400000|  0%| F|  |TAMS 0x0000000602000000| PB 0x0000000602000000| Untracked 
|   3|0x0000000602400000, 0x0000000602400000, 0x0000000602800000|  0%| F|  |TAMS 0x0000000602400000| PB 0x0000000602400000| Untracked 
|   4|0x0000000602800000, 0x0000000602800000, 0x0000000602c00000|  0%| F|  |TAMS 0x0000000602800000| PB 0x0000000602800000| Untracked 
|   5|0x0000000602c00000, 0x0000000602c00000, 0x0000000603000000|  0%| F|  |TAMS 0x0000000602c00000| PB 0x0000000602c00000| Untracked 
|   6|0x0000000603000000, 0x0000000603000000, 0x0000000603400000|  0%| F|  |TAMS 0x0000000603000000| PB 0x0000000603000000| Untracked 
|   7|0x0000000603400000, 0x0000000603400000, 0x0000000603800000|  0%| F|  |TAMS 0x0000000603400000| PB 0x0000000603400000| Untracked 
|   8|0x0000000603800000, 0x0000000603800000, 0x0000000603c00000|  0%| F|  |TAMS 0x0000000603800000| PB 0x0000000603800000| Untracked 
|   9|0x0000000603c00000, 0x0000000603c00000, 0x0000000604000000|  0%| F|  |TAMS 0x0000000603c00000| PB 0x0000000603c00000| Untracked 
|  10|0x0000000604000000, 0x0000000604000000, 0x0000000604400000|  0%| F|  |TAMS 0x0000000604000000| PB 0x0000000604000000| Untracked 
|  11|0x0000000604400000, 0x0000000604400000, 0x0000000604800000|  0%| F|  |TAMS 0x0000000604400000| PB 0x0000000604400000| Untracked 
|  12|0x0000000604800000, 0x0000000604800000, 0x0000000604c00000|  0%| F|  |TAMS 0x0000000604800000| PB 0x0000000604800000| Untracked 
|  13|0x0000000604c00000, 0x0000000604c00000, 0x0000000605000000|  0%| F|  |TAMS 0x0000000604c00000| PB 0x0000000604c00000| Untracked 
|  14|0x0000000605000000, 0x0000000605000000, 0x0000000605400000|  0%| F|  |TAMS 0x0000000605000000| PB 0x0000000605000000| Untracked 
|  15|0x0000000605400000, 0x0000000605400000, 0x0000000605800000|  0%| F|  |TAMS 0x0000000605400000| PB 0x0000000605400000| Untracked 
|  16|0x0000000605800000, 0x0000000605800000, 0x0000000605c00000|  0%| F|  |TAMS 0x0000000605800000| PB 0x0000000605800000| Untracked 
|  17|0x0000000605c00000, 0x0000000605c00000, 0x0000000606000000|  0%| F|  |TAMS 0x0000000605c00000| PB 0x0000000605c00000| Untracked 
|  18|0x0000000606000000, 0x0000000606000000, 0x0000000606400000|  0%| F|  |TAMS 0x0000000606000000| PB 0x0000000606000000| Untracked 
|  19|0x0000000606400000, 0x0000000606400000, 0x0000000606800000|  0%| F|  |TAMS 0x0000000606400000| PB 0x0000000606400000| Untracked 
|  20|0x0000000606800000, 0x0000000606800000, 0x0000000606c00000|  0%| F|  |TAMS 0x0000000606800000| PB 0x0000000606800000| Untracked 
|  21|0x0000000606c00000, 0x0000000606c00000, 0x0000000607000000|  0%| F|  |TAMS 0x0000000606c00000| PB 0x0000000606c00000| Untracked 
|  22|0x0000000607000000, 0x0000000607000000, 0x0000000607400000|  0%| F|  |TAMS 0x0000000607000000| PB 0x0000000607000000| Untracked 
|  23|0x0000000607400000, 0x0000000607400000, 0x0000000607800000|  0%| F|  |TAMS 0x0000000607400000| PB 0x0000000607400000| Untracked 
|  24|0x0000000607800000, 0x0000000607800000, 0x0000000607c00000|  0%| F|  |TAMS 0x0000000607800000| PB 0x0000000607800000| Untracked 
|  25|0x0000000607c00000, 0x0000000607c00000, 0x0000000608000000|  0%| F|  |TAMS 0x0000000607c00000| PB 0x0000000607c00000| Untracked 
|  26|0x0000000608000000, 0x0000000608000000, 0x0000000608400000|  0%| F|  |TAMS 0x0000000608000000| PB 0x0000000608000000| Untracked 
|  27|0x0000000608400000, 0x0000000608400000, 0x0000000608800000|  0%| F|  |TAMS 0x0000000608400000| PB 0x0000000608400000| Untracked 
|  28|0x0000000608800000, 0x0000000608800000, 0x0000000608c00000|  0%| F|  |TAMS 0x0000000608800000| PB 0x0000000608800000| Untracked 
|  29|0x0000000608c00000, 0x0000000608c00000, 0x0000000609000000|  0%| F|  |TAMS 0x0000000608c00000| PB 0x0000000608c00000| Untracked 
|  30|0x0000000609000000, 0x0000000609000000, 0x0000000609400000|  0%| F|  |TAMS 0x0000000609000000| PB 0x0000000609000000| Untracked 
|  31|0x0000000609400000, 0x0000000609400000, 0x0000000609800000|  0%| F|  |TAMS 0x0000000609400000| PB 0x0000000609400000| Untracked 
|  32|0x0000000609800000, 0x0000000609800000, 0x0000000609c00000|  0%| F|  |TAMS 0x0000000609800000| PB 0x0000000609800000| Untracked 
|  33|0x0000000609c00000, 0x0000000609c00000, 0x000000060a000000|  0%| F|  |TAMS 0x0000000609c00000| PB 0x0000000609c00000| Untracked 
|  34|0x000000060a000000, 0x000000060a000000, 0x000000060a400000|  0%| F|  |TAMS 0x000000060a000000| PB 0x000000060a000000| Untracked 
|  35|0x000000060a400000, 0x000000060a400000, 0x000000060a800000|  0%| F|  |TAMS 0x000000060a400000| PB 0x000000060a400000| Untracked 
|  36|0x000000060a800000, 0x000000060a800000, 0x000000060ac00000|  0%| F|  |TAMS 0x000000060a800000| PB 0x000000060a800000| Untracked 
|  37|0x000000060ac00000, 0x000000060ac00000, 0x000000060b000000|  0%| F|  |TAMS 0x000000060ac00000| PB 0x000000060ac00000| Untracked 
|  38|0x000000060b000000, 0x000000060b000000, 0x000000060b400000|  0%| F|  |TAMS 0x000000060b000000| PB 0x000000060b000000| Untracked 
|  39|0x000000060b400000, 0x000000060b400000, 0x000000060b800000|  0%| F|  |TAMS 0x000000060b400000| PB 0x000000060b400000| Untracked 
|  40|0x000000060b800000, 0x000000060b800000, 0x000000060bc00000|  0%| F|  |TAMS 0x000000060b800000| PB 0x000000060b800000| Untracked 
|  41|0x000000060bc00000, 0x000000060bc00000, 0x000000060c000000|  0%| F|  |TAMS 0x000000060bc00000| PB 0x000000060bc00000| Untracked 
|  42|0x000000060c000000, 0x000000060c000000, 0x000000060c400000|  0%| F|  |TAMS 0x000000060c000000| PB 0x000000060c000000| Untracked 
|  43|0x000000060c400000, 0x000000060c400000, 0x000000060c800000|  0%| F|  |TAMS 0x000000060c400000| PB 0x000000060c400000| Untracked 
|  44|0x000000060c800000, 0x000000060c800000, 0x000000060cc00000|  0%| F|  |TAMS 0x000000060c800000| PB 0x000000060c800000| Untracked 
|  45|0x000000060cc00000, 0x000000060cc00000, 0x000000060d000000|  0%| F|  |TAMS 0x000000060cc00000| PB 0x000000060cc00000| Untracked 
|  46|0x000000060d000000, 0x000000060d000000, 0x000000060d400000|  0%| F|  |TAMS 0x000000060d000000| PB 0x000000060d000000| Untracked 
|  47|0x000000060d400000, 0x000000060d400000, 0x000000060d800000|  0%| F|  |TAMS 0x000000060d400000| PB 0x000000060d400000| Untracked 
|  48|0x000000060d800000, 0x000000060d800000, 0x000000060dc00000|  0%| F|  |TAMS 0x000000060d800000| PB 0x000000060d800000| Untracked 
|  49|0x000000060dc00000, 0x000000060dc00000, 0x000000060e000000|  0%| F|  |TAMS 0x000000060dc00000| PB 0x000000060dc00000| Untracked 
|  50|0x000000060e000000, 0x000000060e000000, 0x000000060e400000|  0%| F|  |TAMS 0x000000060e000000| PB 0x000000060e000000| Untracked 
|  51|0x000000060e400000, 0x000000060e400000, 0x000000060e800000|  0%| F|  |TAMS 0x000000060e400000| PB 0x000000060e400000| Untracked 
|  52|0x000000060e800000, 0x000000060e800000, 0x000000060ec00000|  0%| F|  |TAMS 0x000000060e800000| PB 0x000000060e800000| Untracked 
|  53|0x000000060ec00000, 0x000000060ec00000, 0x000000060f000000|  0%| F|  |TAMS 0x000000060ec00000| PB 0x000000060ec00000| Untracked 
|  54|0x000000060f000000, 0x000000060f000000, 0x000000060f400000|  0%| F|  |TAMS 0x000000060f000000| PB 0x000000060f000000| Untracked 
|  55|0x000000060f400000, 0x000000060f400000, 0x000000060f800000|  0%| F|  |TAMS 0x000000060f400000| PB 0x000000060f400000| Untracked 
|  56|0x000000060f800000, 0x000000060f800000, 0x000000060fc00000|  0%| F|  |TAMS 0x000000060f800000| PB 0x000000060f800000| Untracked 
|  57|0x000000060fc00000, 0x000000060fc00000, 0x0000000610000000|  0%| F|  |TAMS 0x000000060fc00000| PB 0x000000060fc00000| Untracked 
|  58|0x0000000610000000, 0x0000000610000000, 0x0000000610400000|  0%| F|  |TAMS 0x0000000610000000| PB 0x0000000610000000| Untracked 
|  59|0x0000000610400000, 0x0000000610400000, 0x0000000610800000|  0%| F|  |TAMS 0x0000000610400000| PB 0x0000000610400000| Untracked 
|  60|0x0000000610800000, 0x0000000610800000, 0x0000000610c00000|  0%| F|  |TAMS 0x0000000610800000| PB 0x0000000610800000| Untracked 
|  61|0x0000000610c00000, 0x0000000610c00000, 0x0000000611000000|  0%| F|  |TAMS 0x0000000610c00000| PB 0x0000000610c00000| Untracked 
|  62|0x0000000611000000, 0x0000000611000000, 0x0000000611400000|  0%| F|  |TAMS 0x0000000611000000| PB 0x0000000611000000| Untracked 
|  63|0x0000000611400000, 0x0000000611400000, 0x0000000611800000|  0%| F|  |TAMS 0x0000000611400000| PB 0x0000000611400000| Untracked 
|  64|0x0000000611800000, 0x0000000611800000, 0x0000000611c00000|  0%| F|  |TAMS 0x0000000611800000| PB 0x0000000611800000| Untracked 
|  65|0x0000000611c00000, 0x0000000611c00000, 0x0000000612000000|  0%| F|  |TAMS 0x0000000611c00000| PB 0x0000000611c00000| Untracked 
|  66|0x0000000612000000, 0x0000000612000000, 0x0000000612400000|  0%| F|  |TAMS 0x0000000612000000| PB 0x0000000612000000| Untracked 
|  67|0x0000000612400000, 0x0000000612400000, 0x0000000612800000|  0%| F|  |TAMS 0x0000000612400000| PB 0x0000000612400000| Untracked 
|  68|0x0000000612800000, 0x0000000612800000, 0x0000000612c00000|  0%| F|  |TAMS 0x0000000612800000| PB 0x0000000612800000| Untracked 
|  69|0x0000000612c00000, 0x0000000612c00000, 0x0000000613000000|  0%| F|  |TAMS 0x0000000612c00000| PB 0x0000000612c00000| Untracked 
|  70|0x0000000613000000, 0x0000000613000000, 0x0000000613400000|  0%| F|  |TAMS 0x0000000613000000| PB 0x0000000613000000| Untracked 
|  71|0x0000000613400000, 0x0000000613400000, 0x0000000613800000|  0%| F|  |TAMS 0x0000000613400000| PB 0x0000000613400000| Untracked 
|  72|0x0000000613800000, 0x0000000613800000, 0x0000000613c00000|  0%| F|  |TAMS 0x0000000613800000| PB 0x0000000613800000| Untracked 
|  73|0x0000000613c00000, 0x0000000613c00000, 0x0000000614000000|  0%| F|  |TAMS 0x0000000613c00000| PB 0x0000000613c00000| Untracked 
|  74|0x0000000614000000, 0x0000000614000000, 0x0000000614400000|  0%| F|  |TAMS 0x0000000614000000| PB 0x0000000614000000| Untracked 
|  75|0x0000000614400000, 0x0000000614400000, 0x0000000614800000|  0%| F|  |TAMS 0x0000000614400000| PB 0x0000000614400000| Untracked 
|  76|0x0000000614800000, 0x0000000614800000, 0x0000000614c00000|  0%| F|  |TAMS 0x0000000614800000| PB 0x0000000614800000| Untracked 
|  77|0x0000000614c00000, 0x0000000614c00000, 0x0000000615000000|  0%| F|  |TAMS 0x0000000614c00000| PB 0x0000000614c00000| Untracked 
|  78|0x0000000615000000, 0x0000000615000000, 0x0000000615400000|  0%| F|  |TAMS 0x0000000615000000| PB 0x0000000615000000| Untracked 
|  79|0x0000000615400000, 0x0000000615400000, 0x0000000615800000|  0%| F|  |TAMS 0x0000000615400000| PB 0x0000000615400000| Untracked 
|  80|0x0000000615800000, 0x0000000615800000, 0x0000000615c00000|  0%| F|  |TAMS 0x0000000615800000| PB 0x0000000615800000| Untracked 
|  81|0x0000000615c00000, 0x0000000615c00000, 0x0000000616000000|  0%| F|  |TAMS 0x0000000615c00000| PB 0x0000000615c00000| Untracked 
|  82|0x0000000616000000, 0x0000000616000000, 0x0000000616400000|  0%| F|  |TAMS 0x0000000616000000| PB 0x0000000616000000| Untracked 
|  83|0x0000000616400000, 0x0000000616400000, 0x0000000616800000|  0%| F|  |TAMS 0x0000000616400000| PB 0x0000000616400000| Untracked 
|  84|0x0000000616800000, 0x0000000616800000, 0x0000000616c00000|  0%| F|  |TAMS 0x0000000616800000| PB 0x0000000616800000| Untracked 
|  85|0x0000000616c00000, 0x0000000616c00000, 0x0000000617000000|  0%| F|  |TAMS 0x0000000616c00000| PB 0x0000000616c00000| Untracked 
|  86|0x0000000617000000, 0x0000000617000000, 0x0000000617400000|  0%| F|  |TAMS 0x0000000617000000| PB 0x0000000617000000| Untracked 
|  87|0x0000000617400000, 0x0000000617400000, 0x0000000617800000|  0%| F|  |TAMS 0x0000000617400000| PB 0x0000000617400000| Untracked 
|  88|0x0000000617800000, 0x0000000617800000, 0x0000000617c00000|  0%| F|  |TAMS 0x0000000617800000| PB 0x0000000617800000| Untracked 
|  89|0x0000000617c00000, 0x0000000617c00000, 0x0000000618000000|  0%| F|  |TAMS 0x0000000617c00000| PB 0x0000000617c00000| Untracked 
|  90|0x0000000618000000, 0x0000000618000000, 0x0000000618400000|  0%| F|  |TAMS 0x0000000618000000| PB 0x0000000618000000| Untracked 
|  91|0x0000000618400000, 0x0000000618400000, 0x0000000618800000|  0%| F|  |TAMS 0x0000000618400000| PB 0x0000000618400000| Untracked 
|  92|0x0000000618800000, 0x0000000618800000, 0x0000000618c00000|  0%| F|  |TAMS 0x0000000618800000| PB 0x0000000618800000| Untracked 
|  93|0x0000000618c00000, 0x0000000618c00000, 0x0000000619000000|  0%| F|  |TAMS 0x0000000618c00000| PB 0x0000000618c00000| Untracked 
|  94|0x0000000619000000, 0x0000000619000000, 0x0000000619400000|  0%| F|  |TAMS 0x0000000619000000| PB 0x0000000619000000| Untracked 
|  95|0x0000000619400000, 0x0000000619400000, 0x0000000619800000|  0%| F|  |TAMS 0x0000000619400000| PB 0x0000000619400000| Untracked 
|  96|0x0000000619800000, 0x0000000619800000, 0x0000000619c00000|  0%| F|  |TAMS 0x0000000619800000| PB 0x0000000619800000| Untracked 
|  97|0x0000000619c00000, 0x0000000619c00000, 0x000000061a000000|  0%| F|  |TAMS 0x0000000619c00000| PB 0x0000000619c00000| Untracked 
|  98|0x000000061a000000, 0x000000061a000000, 0x000000061a400000|  0%| F|  |TAMS 0x000000061a000000| PB 0x000000061a000000| Untracked 
|  99|0x000000061a400000, 0x000000061a400000, 0x000000061a800000|  0%| F|  |TAMS 0x000000061a400000| PB 0x000000061a400000| Untracked 
| 100|0x000000061a800000, 0x000000061a800000, 0x000000061ac00000|  0%| F|  |TAMS 0x000000061a800000| PB 0x000000061a800000| Untracked 
| 101|0x000000061ac00000, 0x000000061ac00000, 0x000000061b000000|  0%| F|  |TAMS 0x000000061ac00000| PB 0x000000061ac00000| Untracked 
| 102|0x000000061b000000, 0x000000061b000000, 0x000000061b400000|  0%| F|  |TAMS 0x000000061b000000| PB 0x000000061b000000| Untracked 
| 103|0x000000061b400000, 0x000000061b400000, 0x000000061b800000|  0%| F|  |TAMS 0x000000061b400000| PB 0x000000061b400000| Untracked 
| 104|0x000000061b800000, 0x000000061b800000, 0x000000061bc00000|  0%| F|  |TAMS 0x000000061b800000| PB 0x000000061b800000| Untracked 
| 105|0x000000061bc00000, 0x000000061bc00000, 0x000000061c000000|  0%| F|  |TAMS 0x000000061bc00000| PB 0x000000061bc00000| Untracked 
| 106|0x000000061c000000, 0x000000061c000000, 0x000000061c400000|  0%| F|  |TAMS 0x000000061c000000| PB 0x000000061c000000| Untracked 
| 107|0x000000061c400000, 0x000000061c400000, 0x000000061c800000|  0%| F|  |TAMS 0x000000061c400000| PB 0x000000061c400000| Untracked 
| 108|0x000000061c800000, 0x000000061c800000, 0x000000061cc00000|  0%| F|  |TAMS 0x000000061c800000| PB 0x000000061c800000| Untracked 
| 109|0x000000061cc00000, 0x000000061cc00000, 0x000000061d000000|  0%| F|  |TAMS 0x000000061cc00000| PB 0x000000061cc00000| Untracked 
| 110|0x000000061d000000, 0x000000061d000000, 0x000000061d400000|  0%| F|  |TAMS 0x000000061d000000| PB 0x000000061d000000| Untracked 
| 111|0x000000061d400000, 0x000000061d400000, 0x000000061d800000|  0%| F|  |TAMS 0x000000061d400000| PB 0x000000061d400000| Untracked 
| 112|0x000000061d800000, 0x000000061d800000, 0x000000061dc00000|  0%| F|  |TAMS 0x000000061d800000| PB 0x000000061d800000| Untracked 
| 113|0x000000061dc00000, 0x000000061dc00000, 0x000000061e000000|  0%| F|  |TAMS 0x000000061dc00000| PB 0x000000061dc00000| Untracked 
| 114|0x000000061e000000, 0x000000061e000000, 0x000000061e400000|  0%| F|  |TAMS 0x000000061e000000| PB 0x000000061e000000| Untracked 
| 115|0x000000061e400000, 0x000000061e400000, 0x000000061e800000|  0%| F|  |TAMS 0x000000061e400000| PB 0x000000061e400000| Untracked 
| 116|0x000000061e800000, 0x000000061e800000, 0x000000061ec00000|  0%| F|  |TAMS 0x000000061e800000| PB 0x000000061e800000| Untracked 
| 117|0x000000061ec00000, 0x000000061ec00000, 0x000000061f000000|  0%| F|  |TAMS 0x000000061ec00000| PB 0x000000061ec00000| Untracked 
| 118|0x000000061f000000, 0x000000061f000000, 0x000000061f400000|  0%| F|  |TAMS 0x000000061f000000| PB 0x000000061f000000| Untracked 
| 119|0x000000061f400000, 0x000000061f400000, 0x000000061f800000|  0%| F|  |TAMS 0x000000061f400000| PB 0x000000061f400000| Untracked 
| 120|0x000000061f800000, 0x000000061f800000, 0x000000061fc00000|  0%| F|  |TAMS 0x000000061f800000| PB 0x000000061f800000| Untracked 
| 121|0x000000061fc00000, 0x000000061fc00000, 0x0000000620000000|  0%| F|  |TAMS 0x000000061fc00000| PB 0x000000061fc00000| Untracked 
| 122|0x0000000620000000, 0x0000000620000000, 0x0000000620400000|  0%| F|  |TAMS 0x0000000620000000| PB 0x0000000620000000| Untracked 
| 123|0x0000000620400000, 0x0000000620400000, 0x0000000620800000|  0%| F|  |TAMS 0x0000000620400000| PB 0x0000000620400000| Untracked 
| 124|0x0000000620800000, 0x000000062087bac8, 0x0000000620c00000| 12%| E|  |TAMS 0x0000000620800000| PB 0x0000000620800000| Complete 
| 125|0x0000000620c00000, 0x0000000621000000, 0x0000000621000000|100%| E|CS|TAMS 0x0000000620c00000| PB 0x0000000620c00000| Complete 
| 126|0x0000000621000000, 0x0000000621400000, 0x0000000621400000|100%| E|CS|TAMS 0x0000000621000000| PB 0x0000000621000000| Complete 
| 127|0x0000000621400000, 0x0000000621800000, 0x0000000621800000|100%| E|CS|TAMS 0x0000000621400000| PB 0x0000000621400000| Complete 

Card table byte_map: [0x000001f980000000,0x000001f981000000] _byte_map_base: 0x000001f97cff4000

Marking Bits: (CMBitMap*) 0x000001f9e6a8ef30
 Bits: [0x000001f981000000, 0x000001f988fa0000)

Polling page: 0x000001f9e61e0000

Metaspace:

Usage:
  Non-class:      4.06 MB used.
      Class:    384.00 KB used.
       Both:      4.44 MB used.

Virtual space:
  Non-class space:       64.00 MB reserved,       4.19 MB (  7%) committed,  1 nodes.
      Class space:        1.00 GB reserved,     448.00 KB ( <1%) committed,  1 nodes.
             Both:        1.06 GB reserved,       4.62 MB ( <1%) committed. 

Chunk freelists:
   Non-Class:  11.17 MB
       Class:  15.51 MB
        Both:  26.68 MB

MaxMetaspaceSize: unlimited
CompressedClassSpaceSize: 1.00 GB
Initial GC threshold: 21.00 MB
Current GC threshold: 21.00 MB
CDS: on
 - commit_granule_bytes: 65536.
 - commit_granule_words: 8192.
 - virtual_space_node_default_size: 8388608.
 - enlarge_chunks_in_place: 1.
 - use_allocation_guard: 0.


Internal statistics:

num_allocs_failed_limit: 0.
num_arena_births: 74.
num_arena_deaths: 0.
num_vsnodes_births: 2.
num_vsnodes_deaths: 0.
num_space_committed: 74.
num_space_uncommitted: 0.
num_chunks_returned_to_freelist: 0.
num_chunks_taken_from_freelist: 121.
num_chunk_merges: 0.
num_chunk_splits: 80.
num_chunks_enlarged: 56.
num_inconsistent_stats: 0.

CodeHeap 'non-profiled nmethods': size=119168Kb used=222Kb max_used=222Kb free=118945Kb
 bounds [0x000001f9f6cc0000, 0x000001f9f6f30000, 0x000001f9fe120000]
CodeHeap 'profiled nmethods': size=119104Kb used=1065Kb max_used=1065Kb free=118038Kb
 bounds [0x000001f9ef120000, 0x000001f9ef390000, 0x000001f9f6570000]
CodeHeap 'non-nmethods': size=7488Kb used=2529Kb max_used=2543Kb free=4958Kb
 bounds [0x000001f9f6570000, 0x000001f9f67f0000, 0x000001f9f6cc0000]
CodeCache: size=245760Kb, used=3816Kb, max_used=3830Kb, free=241941Kb
 total_blobs=1145, nmethods=696, adapters=352, full_count=0
Compilation: enabled, stopped_count=0, restarted_count=0

Compilation events (20 events):
Event: 0.436 Thread 0x000001f98ba7e580  688       4       jdk.internal.misc.Unsafe::putReferenceRelease (9 bytes)
Event: 0.437 Thread 0x000001f98ba7e580 nmethod 688 0x000001f9f6cf7610 code [0x000001f9f6cf77a0, 0x000001f9f6cf7918]
Event: 0.438 Thread 0x000001f98bbb1420  689       3       jdk.internal.loader.BuiltinClassLoader::moduleReaderFor (45 bytes)
Event: 0.438 Thread 0x000001f98bbb2720  690       3       jdk.internal.module.SystemModuleFinders$SystemModuleReader::find (59 bytes)
Event: 0.438 Thread 0x000001f98ba9f020  691       3       jdk.internal.module.SystemModuleFinders$SystemModuleReader::containsImageLocation (42 bytes)
Event: 0.438 Thread 0x000001f98bbb1420 nmethod 689 0x000001f9ef225810 code [0x000001f9ef225a00, 0x000001f9ef2260a0]
Event: 0.438 Thread 0x000001f98bbb1420  692       3       jdk.internal.module.SystemModuleFinders$SystemImage::reader (4 bytes)
Event: 0.438 Thread 0x000001f98bbb1420 nmethod 692 0x000001f9ef226290 code [0x000001f9ef226420, 0x000001f9ef226518]
Event: 0.438 Thread 0x000001f98bbb1420  693       3       jdk.internal.jimage.ImageReader::verifyLocation (14 bytes)
Event: 0.438 Thread 0x000001f98ba9f020 nmethod 691 0x000001f9ef226590 code [0x000001f9ef2267e0, 0x000001f9ef226ed0]
Event: 0.438 Thread 0x000001f98ba9f020  694       3       jdk.internal.jimage.ImageReader::requireOpen (18 bytes)
Event: 0.438 Thread 0x000001f98bbb2720 nmethod 690 0x000001f9ef227210 code [0x000001f9ef2274e0, 0x000001f9ef2280c8]
Event: 0.438 Thread 0x000001f98bbb1420 nmethod 693 0x000001f9ef228590 code [0x000001f9ef228760, 0x000001f9ef228ad0]
Event: 0.438 Thread 0x000001f98bbb2720  695       3       jdk.internal.jimage.BasicImageReader::verifyLocation (39 bytes)
Event: 0.438 Thread 0x000001f98ba9f020 nmethod 694 0x000001f9ef228c90 code [0x000001f9ef228e60, 0x000001f9ef229098]
Event: 0.438 Thread 0x000001f98bbb1420  696       3       jdk.internal.jimage.BasicImageReader::getLocationIndex (52 bytes)
Event: 0.438 Thread 0x000001f98ba9f020  697       3       jdk.internal.jimage.ImageStringsReader::hashCode (8 bytes)
Event: 0.438 Thread 0x000001f98ba9f020 nmethod 697 0x000001f9ef229190 code [0x000001f9ef229340, 0x000001f9ef229508]
Event: 0.438 Thread 0x000001f98bbb2720 nmethod 695 0x000001f9ef229610 code [0x000001f9ef2297e0, 0x000001f9ef229ad0]
Event: 0.438 Thread 0x000001f98bbb1420 nmethod 696 0x000001f9ef229c10 code [0x000001f9ef229e20, 0x000001f9ef22a2c8]

GC Heap History (0 events):
No events

Dll operation events (10 events):
Event: 0.015 Loaded shared library C:\Users\mgear\.jdks\ms-21.0.8\bin\java.dll
Event: 0.016 Loaded shared library C:\Users\mgear\.jdks\ms-21.0.8\bin\zip.dll
Event: 0.035 Loaded shared library C:\Users\mgear\.jdks\ms-21.0.8\bin\jsvml.dll
Event: 0.242 Loaded shared library C:\Users\mgear\.jdks\ms-21.0.8\bin\instrument.dll
Event: 0.314 Loaded shared library C:\Users\mgear\.jdks\ms-21.0.8\bin\net.dll
Event: 0.315 Loaded shared library C:\Users\mgear\.jdks\ms-21.0.8\bin\nio.dll
Event: 0.323 Loaded shared library C:\Users\mgear\.jdks\ms-21.0.8\bin\zip.dll
Event: 0.364 Loaded shared library C:\Users\mgear\.jdks\ms-21.0.8\bin\jimage.dll
Event: 0.371 Loaded shared library C:\Users\mgear\AppData\Local\Temp\libgdxmgear\e787ab0a\gdx64.dll
Event: 0.414 Loaded shared library C:\Users\mgear\AppData\Local\Temp\lwjglmgear\3.3.1-build-7\lwjgl.dll

Deoptimization events (20 events):
Event: 0.297 Thread 0x000001f9e6a26330 Uncommon trap: trap_request=0xffffff45 fr.pc=0x000001f9f6cd6d9c relative=0x000000000000053c
Event: 0.297 Thread 0x000001f9e6a26330 Uncommon trap: reason=unstable_if action=reinterpret pc=0x000001f9f6cd6d9c method=java.lang.StringLatin1.replace([BCC)Ljava/lang/String; @ 19 c2
Event: 0.297 Thread 0x000001f9e6a26330 DEOPT PACKING pc=0x000001f9f6cd6d9c sp=0x000000abdf6ff600
Event: 0.297 Thread 0x000001f9e6a26330 DEOPT UNPACKING pc=0x000001f9f65c46a2 sp=0x000000abdf6ff580 mode 2
Event: 0.330 Thread 0x000001f9e6a26330 DEOPT PACKING pc=0x000001f9ef12c3cf sp=0x000000abdf6fe530
Event: 0.330 Thread 0x000001f9e6a26330 DEOPT UNPACKING pc=0x000001f9f65c4e42 sp=0x000000abdf6fd950 mode 0
Event: 0.336 Thread 0x000001f9e6a26330 DEOPT PACKING pc=0x000001f9ef12a448 sp=0x000000abdf6f8eb0
Event: 0.336 Thread 0x000001f9e6a26330 DEOPT UNPACKING pc=0x000001f9f65c4e42 sp=0x000000abdf6f8318 mode 0
Event: 0.337 Thread 0x000001f9e6a26330 DEOPT PACKING pc=0x000001f9ef12a448 sp=0x000000abdf6f8eb0
Event: 0.337 Thread 0x000001f9e6a26330 DEOPT UNPACKING pc=0x000001f9f65c4e42 sp=0x000000abdf6f8318 mode 0
Event: 0.369 Thread 0x000001f9e6a26330 Uncommon trap: trap_request=0xffffff45 fr.pc=0x000001f9f6cdd69c relative=0x000000000000007c
Event: 0.369 Thread 0x000001f9e6a26330 Uncommon trap: reason=unstable_if action=reinterpret pc=0x000001f9f6cdd69c method=java.io.WinNTFileSystem.isSlash(C)Z @ 9 c2
Event: 0.369 Thread 0x000001f9e6a26330 DEOPT PACKING pc=0x000001f9f6cdd69c sp=0x000000abdf6feda0
Event: 0.369 Thread 0x000001f9e6a26330 DEOPT UNPACKING pc=0x000001f9f65c46a2 sp=0x000000abdf6fed38 mode 2
Event: 0.400 Thread 0x000001f9e6a26330 DEOPT PACKING pc=0x000001f9ef190f63 sp=0x000000abdf6fbd60
Event: 0.400 Thread 0x000001f9e6a26330 DEOPT UNPACKING pc=0x000001f9f65c4e42 sp=0x000000abdf6fb340 mode 0
Event: 0.413 Thread 0x000001f9e6a26330 Uncommon trap: trap_request=0xffffff45 fr.pc=0x000001f9f6cdfb70 relative=0x0000000000000050
Event: 0.413 Thread 0x000001f9e6a26330 Uncommon trap: reason=unstable_if action=reinterpret pc=0x000001f9f6cdfb70 method=sun.nio.fs.WindowsPathParser.isSlash(C)Z @ 9 c2
Event: 0.413 Thread 0x000001f9e6a26330 DEOPT PACKING pc=0x000001f9f6cdfb70 sp=0x000000abdf6fc150
Event: 0.413 Thread 0x000001f9e6a26330 DEOPT UNPACKING pc=0x000001f9f65c46a2 sp=0x000000abdf6fc0e8 mode 2

Classes loaded (20 events):
Event: 0.431 Loading class org/lwjgl/system/jemalloc/JEmallocAllocator
Event: 0.431 Loading class org/lwjgl/system/jemalloc/JEmallocAllocator done
Event: 0.431 Loading class org/lwjgl/system/jemalloc/JEmalloc
Event: 0.431 Loading class org/lwjgl/system/jemalloc/JEmalloc done
Event: 0.435 Loading class org/lwjgl/system/APIUtil$1
Event: 0.435 Loading class org/lwjgl/system/APIUtil$1 done
Event: 0.435 Loading class java/lang/NoSuchFieldError
Event: 0.435 Loading class java/lang/NoSuchFieldError done
Event: 0.435 Loading class org/lwjgl/system/windows/WindowsLibrary
Event: 0.435 Loading class org/lwjgl/system/windows/WindowsLibrary done
Event: 0.435 Loading class org/lwjgl/system/SharedLibrary$Default
Event: 0.435 Loading class org/lwjgl/system/SharedLibrary$Default done
Event: 0.436 Loading class org/lwjgl/system/windows/WinBase
Event: 0.436 Loading class org/lwjgl/system/windows/WinBase done
Event: 0.436 Loading class org/lwjgl/system/ThreadLocalUtil
Event: 0.436 Loading class org/lwjgl/system/ThreadLocalUtil done
Event: 0.437 Loading class java/nio/HeapCharBuffer
Event: 0.437 Loading class java/nio/HeapCharBuffer done
Event: 0.438 Loading class org/lwjgl/system/jemalloc/JEmalloc$Functions
Event: 0.438 Loading class org/lwjgl/system/jemalloc/JEmalloc$Functions done

Classes unloaded (0 events):
No events

Classes redefined (1 events):
Event: 0.273 Thread 0x000001f9ffc6e020 redefined class name=java.lang.Throwable, count=1

Internal exceptions (19 events):
Event: 0.243 Thread 0x000001f9e6a26330 Exception <a 'java/lang/NoSuchMethodError'{0x000000062173bfa8}: 'void java.lang.invoke.DirectMethodHandle$Holder.invokeStatic(java.lang.Object, java.lang.Object, java.lang.Object)'> (0x000000062173bfa8) 
thrown [s\src\hotspot\share\interpreter\linkResolver.cpp, line 773]
Event: 0.247 Thread 0x000001f9e6a26330 Exception <a 'java/lang/NoSuchMethodError'{0x0000000621753ac0}: 'java.lang.Object java.lang.invoke.Invokers$Holder.invokeExact_MT(java.lang.Object, java.lang.Object, java.lang.Object, java.lang.Object, java.lang.Object)'> (0x0000000621753ac0) 
thrown [s\src\hotspot\share\interpreter\linkResolver.cpp, line 773]
Event: 0.388 Thread 0x000001f9e6a26330 Exception <a 'java/lang/NoSuchMethodError'{0x0000000620dadd18}: 'void java.lang.invoke.DirectMethodHandle$Holder.invokeStatic(java.lang.Object, java.lang.Object)'> (0x0000000620dadd18) 
thrown [s\src\hotspot\share\interpreter\linkResolver.cpp, line 773]
Event: 0.389 Thread 0x000001f9e6a26330 Exception <a 'java/lang/NoSuchMethodError'{0x0000000620db84e8}: 'void java.lang.System.load(java.lang.String, java.lang.Class)'> (0x0000000620db84e8) 
thrown [s\src\hotspot\share\interpreter\linkResolver.cpp, line 773]
Event: 0.389 Thread 0x000001f9e6a26330 Exception <a 'java/lang/NoSuchMethodError'{0x0000000620db8f50}: 'void java.lang.invoke.DirectMethodHandle$Holder.invokeSpecial(java.lang.Object, java.lang.Object, java.lang.Object)'> (0x0000000620db8f50) 
thrown [s\src\hotspot\share\interpreter\linkResolver.cpp, line 773]
Event: 0.391 Thread 0x000001f9e6a26330 Exception <a 'java/lang/NoSuchMethodError'{0x0000000620dcc9c8}: 'java.lang.Object java.lang.invoke.DirectMethodHandle$Holder.invokeStatic(java.lang.Object, java.lang.Object, int)'> (0x0000000620dcc9c8) 
thrown [s\src\hotspot\share\interpreter\linkResolver.cpp, line 773]
Event: 0.391 Thread 0x000001f9e6a26330 Exception <a 'java/lang/NoSuchMethodError'{0x0000000620dd8290}: 'void java.lang.invoke.DelegatingMethodHandle$Holder.delegate(java.lang.Object, java.lang.Object, int, java.lang.Object)'> (0x0000000620dd8290) 
thrown [s\src\hotspot\share\interpreter\linkResolver.cpp, line 773]
Event: 0.392 Thread 0x000001f9e6a26330 Exception <a 'java/lang/NoSuchMethodError'{0x0000000620ddc018}: 'int java.lang.invoke.DirectMethodHandle$Holder.invokeSpecial(java.lang.Object, java.lang.Object, java.lang.Object)'> (0x0000000620ddc018) 
thrown [s\src\hotspot\share\interpreter\linkResolver.cpp, line 773]
Event: 0.394 Thread 0x000001f9e6a26330 Exception <a 'java/lang/NoSuchMethodError'{0x0000000620df8248}: 'void java.lang.System.loadLibrary(java.lang.String, java.lang.Class)'> (0x0000000620df8248) 
thrown [s\src\hotspot\share\interpreter\linkResolver.cpp, line 773]
Event: 0.413 Thread 0x000001f9e6a26330 Exception <a 'sun/nio/fs/WindowsException'{0x0000000620eb3bd0}> (0x0000000620eb3bd0) 
thrown [s\src\hotspot\share\prims\jni.cpp, line 520]
Event: 0.413 Thread 0x000001f9e6a26330 Exception <a 'sun/nio/fs/WindowsException'{0x0000000620eb5230}> (0x0000000620eb5230) 
thrown [s\src\hotspot\share\prims\jni.cpp, line 520]
Event: 0.422 Thread 0x000001f9e6a26330 Exception <a 'java/lang/NoSuchMethodError'{0x0000000620f1f498}: 'int java.lang.invoke.DirectMethodHandle$Holder.invokeStaticInit(java.lang.Object, java.lang.Object, int, long)'> (0x0000000620f1f498) 
thrown [s\src\hotspot\share\interpreter\linkResolver.cpp, line 773]
Event: 0.423 Thread 0x000001f9e6a26330 Exception <a 'java/lang/NoSuchMethodError'{0x0000000620f245f8}: 'java.lang.Object java.lang.invoke.DirectMethodHandle$Holder.newInvokeSpecial(java.lang.Object, java.lang.Object, int)'> (0x0000000620f245f8) 
thrown [s\src\hotspot\share\interpreter\linkResolver.cpp, line 773]
Event: 0.424 Thread 0x000001f9e6a26330 Exception <a 'java/lang/NoSuchMethodError'{0x0000000620f3abd0}: 'int java.lang.invoke.DirectMethodHandle$Holder.invokeStaticInit(java.lang.Object, java.lang.Object, long, long)'> (0x0000000620f3abd0) 
thrown [s\src\hotspot\share\interpreter\linkResolver.cpp, line 773]
Event: 0.424 Thread 0x000001f9e6a26330 Exception <a 'java/lang/NoSuchMethodError'{0x0000000620f406b0}: 'java.lang.Object java.lang.invoke.DirectMethodHandle$Holder.newInvokeSpecial(java.lang.Object, java.lang.Object, long)'> (0x0000000620f406b0) 
thrown [s\src\hotspot\share\interpreter\linkResolver.cpp, line 773]
Event: 0.424 Thread 0x000001f9e6a26330 Exception <a 'java/lang/NoSuchMethodError'{0x0000000620f445a0}: 'java.lang.Object java.lang.invoke.Invokers$Holder.linkToTargetMethod(java.lang.Object, long, java.lang.Object)'> (0x0000000620f445a0) 
thrown [s\src\hotspot\share\interpreter\linkResolver.cpp, line 773]
Event: 0.425 Thread 0x000001f9e6a26330 Exception <a 'java/lang/NoSuchMethodError'{0x0000000620f4b820}: 'int java.lang.invoke.DirectMethodHandle$Holder.invokeStaticInit(java.lang.Object, java.lang.Object, java.lang.Object, long)'> (0x0000000620f4b820) 
thrown [s\src\hotspot\share\interpreter\linkResolver.cpp, line 773]
Event: 0.435 Thread 0x000001f9e6a26330 Exception <a 'sun/nio/fs/WindowsException'{0x0000000620fe1500}> (0x0000000620fe1500) 
thrown [s\src\hotspot\share\prims\jni.cpp, line 520]
Event: 0.435 Thread 0x000001f9e6a26330 Exception <a 'sun/nio/fs/WindowsException'{0x0000000620fe18c8}> (0x0000000620fe18c8) 
thrown [s\src\hotspot\share\prims\jni.cpp, line 520]

ZGC Phase Switch (0 events):
No events

VM Operations (12 events):
Event: 0.074 Executing VM operation: HandshakeAllThreads (Deoptimize)
Event: 0.074 Executing VM operation: HandshakeAllThreads (Deoptimize) done
Event: 0.240 Executing VM operation: ChangeBreakpoints
Event: 0.240 Executing VM operation: ChangeBreakpoints done
Event: 0.241 Executing VM operation: ChangeBreakpoints
Event: 0.241 Executing VM operation: ChangeBreakpoints done
Event: 0.272 Executing VM operation: RedefineClasses
Event: 0.273 Executing VM operation: RedefineClasses done
Event: 0.281 Executing VM operation: get/set locals
Event: 0.281 Executing VM operation: get/set locals done
Event: 0.390 Executing VM operation: HandshakeAllThreads (Deoptimize)
Event: 0.390 Executing VM operation: HandshakeAllThreads (Deoptimize) done

Memory protections (0 events):
No events

Nmethod flushes (0 events):
No events

Events (18 events):
Event: 0.025 Thread 0x000001f9e6a26330 Thread added: 0x000001f9e6a26330
Event: 0.033 Thread 0x000001f9e6a26330 Thread added: 0x000001f98ba62b80
Event: 0.033 Thread 0x000001f9e6a26330 Thread added: 0x000001f98ba63a90
Event: 0.033 Thread 0x000001f9e6a26330 Thread added: 0x000001f98ba68770
Event: 0.034 Thread 0x000001f9e6a26330 Thread added: 0x000001f98ba6b450
Event: 0.034 Thread 0x000001f9e6a26330 Thread added: 0x000001f98ba6cc10
Event: 0.034 Thread 0x000001f9e6a26330 Thread added: 0x000001f98ba6bef0
Event: 0.034 Thread 0x000001f9e6a26330 Thread added: 0x000001f98ba7e580
Event: 0.034 Thread 0x000001f9e6a26330 Thread added: 0x000001f98ba9f020
Event: 0.070 Thread 0x000001f9e6a26330 Thread added: 0x000001f98ba6c580
Event: 0.074 Thread 0x000001f98ba9f020 Thread added: 0x000001f98bbb1420
Event: 0.075 Thread 0x000001f98bbb1420 Thread added: 0x000001f98bbb2720
Event: 0.090 Thread 0x000001f9e6a26330 Thread added: 0x000001f98bdd39f0
Event: 0.091 Thread 0x000001f9e6a26330 Thread added: 0x000001f98bdd4280
Event: 0.091 Thread 0x000001f98bdd39f0 Thread added: 0x000001f98bdd4900
Event: 0.285 Thread 0x000001f9e6a26330 Thread added: 0x000001f98ba6d2a0
Event: 0.287 Thread 0x000001f9e6a26330 Thread added: 0x000001f98ba6d930
Event: 0.345 Thread 0x000001f98bbb1420 Thread added: 0x000001f9d108c7d0


Dynamic libraries:
0x00007ff718e70000 - 0x00007ff718e7e000 	C:\Users\mgear\.jdks\ms-21.0.8\bin\java.exe
0x00007ffa3a270000 - 0x00007ffa3a468000 	C:\windows\SYSTEM32\ntdll.dll
0x00007ffa38800000 - 0x00007ffa388c2000 	C:\windows\System32\KERNEL32.DLL
0x00007ffa37d30000 - 0x00007ffa38026000 	C:\windows\System32\KERNELBASE.dll
0x00007ffa38030000 - 0x00007ffa38130000 	C:\windows\System32\ucrtbase.dll
0x00007ffa31b60000 - 0x00007ffa31b78000 	C:\Users\mgear\.jdks\ms-21.0.8\bin\jli.dll
0x00007ffa30790000 - 0x00007ffa307ae000 	C:\Users\mgear\.jdks\ms-21.0.8\bin\VCRUNTIME140.dll
0x00007ffa389b0000 - 0x00007ffa38b51000 	C:\windows\System32\USER32.dll
0x00007ffa37a40000 - 0x00007ffa37a62000 	C:\windows\System32\win32u.dll
0x00007ffa20730000 - 0x00007ffa209cb000 	C:\windows\WinSxS\amd64_microsoft.windows.common-controls_6595b64144ccf1df_6.0.19041.6456_none_60b8a6cb71f64256\COMCTL32.dll
0x00007ffa38ca0000 - 0x00007ffa38ccb000 	C:\windows\System32\GDI32.dll
0x00007ffa382f0000 - 0x00007ffa3838e000 	C:\windows\System32\msvcrt.dll
0x00007ffa37c10000 - 0x00007ffa37d29000 	C:\windows\System32\gdi32full.dll
0x00007ffa37af0000 - 0x00007ffa37b8d000 	C:\windows\System32\msvcp_win.dll
0x00007ffa38390000 - 0x00007ffa383bf000 	C:\windows\System32\IMM32.DLL
0x00007ffa34e00000 - 0x00007ffa34e0c000 	C:\Users\mgear\.jdks\ms-21.0.8\bin\vcruntime140_1.dll
0x00007ffa26b00000 - 0x00007ffa26b89000 	C:\Users\mgear\.jdks\ms-21.0.8\bin\msvcp140.dll
0x00007ff9c2350000 - 0x00007ff9c30fc000 	C:\Users\mgear\.jdks\ms-21.0.8\bin\server\jvm.dll
0x00007ffa39a80000 - 0x00007ffa39b31000 	C:\windows\System32\ADVAPI32.dll
0x00007ffa383c0000 - 0x00007ffa3845f000 	C:\windows\System32\sechost.dll
0x00007ffa386e0000 - 0x00007ffa38800000 	C:\windows\System32\RPCRT4.dll
0x00007ffa37a70000 - 0x00007ffa37a97000 	C:\windows\System32\bcrypt.dll
0x00007ffa38bd0000 - 0x00007ffa38c3b000 	C:\windows\System32\WS2_32.dll
0x00007ffa27860000 - 0x00007ffa27887000 	C:\windows\SYSTEM32\WINMM.dll
0x00007ffa314c0000 - 0x00007ffa314ca000 	C:\windows\SYSTEM32\VERSION.dll
0x00007ffa36e90000 - 0x00007ffa36edb000 	C:\windows\SYSTEM32\POWRPROF.dll
0x00007ffa36d00000 - 0x00007ffa36d12000 	C:\windows\SYSTEM32\UMPDC.dll
0x00007ffa356b0000 - 0x00007ffa356c2000 	C:\windows\SYSTEM32\kernel.appcore.dll
0x00007ffa34dc0000 - 0x00007ffa34dca000 	C:\Users\mgear\.jdks\ms-21.0.8\bin\jimage.dll
0x00007ffa2f710000 - 0x00007ffa2f911000 	C:\windows\SYSTEM32\DBGHELP.DLL
0x00007ffa29350000 - 0x00007ffa29384000 	C:\windows\SYSTEM32\dbgcore.DLL
0x00007ffa379b0000 - 0x00007ffa37a32000 	C:\windows\System32\bcryptPrimitives.dll
0x00007ffa1b180000 - 0x00007ffa1b1bc000 	C:\Users\mgear\.jdks\ms-21.0.8\bin\jdwp.dll
0x00007ffa34d10000 - 0x00007ffa34d20000 	C:\Users\mgear\.jdks\ms-21.0.8\bin\instrument.dll
0x00007ffa2b2a0000 - 0x00007ffa2b2c1000 	C:\Users\mgear\.jdks\ms-21.0.8\bin\java.dll
0x00007ffa30770000 - 0x00007ffa30788000 	C:\Users\mgear\.jdks\ms-21.0.8\bin\zip.dll
0x00007ffa38cd0000 - 0x00007ffa39440000 	C:\windows\System32\SHELL32.dll
0x00007ffa35990000 - 0x00007ffa36135000 	C:\windows\SYSTEM32\windows.storage.dll
0x00007ffa39c80000 - 0x00007ffa39fd4000 	C:\windows\System32\combase.dll
0x00007ffa37330000 - 0x00007ffa3735b000 	C:\windows\SYSTEM32\Wldp.dll
0x00007ffa38590000 - 0x00007ffa3865d000 	C:\windows\System32\OLEAUT32.dll
0x00007ffa39bd0000 - 0x00007ffa39c7d000 	C:\windows\System32\SHCORE.dll
0x00007ffa38c40000 - 0x00007ffa38c9b000 	C:\windows\System32\shlwapi.dll
0x00007ffa37830000 - 0x00007ffa37854000 	C:\windows\SYSTEM32\profapi.dll
0x00007ffa1a940000 - 0x00007ffa1aa16000 	C:\Users\mgear\.jdks\ms-21.0.8\bin\jsvml.dll
0x00007ffa26c40000 - 0x00007ffa26c4c000 	C:\Users\mgear\.jdks\ms-21.0.8\bin\dt_socket.dll
0x00007ffa36d20000 - 0x00007ffa36d5b000 	C:\windows\SYSTEM32\IPHLPAPI.DLL
0x00007ffa37090000 - 0x00007ffa370fa000 	C:\windows\system32\mswsock.dll
0x00007ffa26c80000 - 0x00007ffa26c91000 	C:\Users\mgear\.jdks\ms-21.0.8\bin\net.dll
0x00007ffa31390000 - 0x00007ffa3149a000 	C:\windows\SYSTEM32\WINHTTP.dll
0x00007ffa26c60000 - 0x00007ffa26c76000 	C:\Users\mgear\.jdks\ms-21.0.8\bin\nio.dll
0x0000000062db0000 - 0x0000000062dd9000 	C:\Users\mgear\AppData\Local\Temp\libgdxmgear\e787ab0a\gdx64.dll
0x00007ff9fc150000 - 0x00007ff9fc1c5000 	C:\Users\mgear\AppData\Local\Temp\lwjglmgear\3.3.1-build-7\lwjgl.dll
0x00007ff9be540000 - 0x00007ff9be799000 	C:\Users\mgear\AppData\Local\Temp\lwjglmgear\3.3.1-build-7\jemalloc.dll

JVMTI agents:
jdwp path:C:\Users\mgear\.jdks\ms-21.0.8\bin\jdwp.dll, loaded, initialized, options:transport=dt_socket,server=n,suspend=y,address=127.0.0.1:63742
C:\Users\mgear\AppData\Local\JetBrains\IntelliJIdea2025.3\captureAgent\debugger-agent.jar path:C:\Users\mgear\.jdks\ms-21.0.8\bin\instrument.dll, loaded, initialized, instrumentlib options:file:///C:/Users/mgear/AppData/Local/Temp/capture6180016229093551940.props

dbghelp: loaded successfully - version: 4.0.5 - missing functions: none
symbol engine: initialized successfully - sym options: 0x614 - pdb path: .;C:\Users\mgear\.jdks\ms-21.0.8\bin;C:\windows\SYSTEM32;C:\windows\WinSxS\amd64_microsoft.windows.common-controls_6595b64144ccf1df_6.0.19041.6456_none_60b8a6cb71f64256;C:\Users\mgear\.jdks\ms-21.0.8\bin\server;C:\Users\mgear\AppData\Local\Temp\libgdxmgear\e787ab0a;C:\Users\mgear\AppData\Local\Temp\lwjglmgear\3.3.1-build-7

VM Arguments:
jvm_args: -Ddebugger.agent.enable.coroutines=true -Ddebugger.async.stack.trace.for.all.threads=true -Dkotlinx.coroutines.debug.enable.creation.stack.trace=false -Dkotlinx.coroutines.debug.enable.flows.stack.trace=true -Dkotlinx.coroutines.debug.enable.mutable.state.flows.stack.trace=true -agentlib:jdwp=transport=dt_socket,server=n,suspend=y,address=127.0.0.1:63742 -javaagent:C:\Users\mgear\AppData\Local\JetBrains\IntelliJIdea2025.3\captureAgent\debugger-agent.jar=file:///C:/Users/mgear/AppData/Local/Temp/capture6180016229093551940.props -Dfile.encoding=UTF-8 -Duser.country=GB -Duser.language=en -Duser.variant 
java_command: org.example.DesktopLauncher
java_class_path (initial): C:\Users\mgear\Documents\projects\Golf\build\classes\java\main;C:\Users\mgear\Documents\projects\Golf\build\resources\main;C:\Users\mgear\scoop\persist\gradle\.gradle\caches\modules-2\files-2.1\com.badlogicgames.gdx\gdx-backend-lwjgl3\1.11.0\58a96db4cd349be4292d547856aa1e1c5f065f4e\gdx-backend-lwjgl3-1.11.0.jar;C:\Users\mgear\scoop\persist\gradle\.gradle\caches\modules-2\files-2.1\com.badlogicgames.gdx\gdx\1.11.0\ffe1206d1004cd9e40027e28964be0fea0399af7\gdx-1.11.0.jar;C:\Users\mgear\scoop\persist\gradle\.gradle\caches\modules-2\files-2.1\com.badlogicgames.gdx\gdx-platform\1.11.0\697fb13eada6d3c6ca648c9788692b0159add126\gdx-platform-1.11.0-natives-desktop.jar;C:\Users\mgear\scoop\persist\gradle\.gradle\caches\modules-2\files-2.1\com.badlogicgames.gdx\gdx-jnigen-loader\2.3.1\2d472f69243631fbcb3d4c3f93dd2e137a6cb084\gdx-jnigen-loader-2.3.1.jar;C:\Users\mgear\scoop\persist\gradle\.gradle\caches\modules-2\files-2.1\org.lwjgl\lwjgl-glfw\3.3.1\cbac1b8d30cb4795149c1ef540f912671a8616d0\lwjgl-glfw-3.3.1.jar;C:\Users\mgear\scoop\persist\gradle\.gradle\caches\modules-2\files-2.1\org.lwjgl\lwjgl-glfw\3.3.1\81716978214ecbda15050ca394b06ef61501a49e\lwjgl-glfw-3.3.1-natives-linux.jar;C:\Users\mgear\scoop\persist\gradle\.gradle\caches\modules-2\files-2.1\org.lwjgl\lwjgl-glfw\3.3.1\816d935933f2dd743074c4e717cc25b55720f294\lwjgl-glfw-3.3.1-natives-linux-arm32.jar;C:\Users\mgear\scoop\persist\gradle\.gradle\caches\modules-2\files-2.1\org.lwjgl\lwjgl-glfw\3.3.1\513eb39b866d0fe131a18d5c517087805433b029\lwjgl-glfw-3.3.1-natives-linux-arm64.jar;C:\Users\mgear\scoop\persist\gradle\.gradle\caches\modules-2\files-2.1\org.lwjgl\lwjgl-glfw\3.3.1\9ec4ce1fc8c85fdef03ef4ff2aace6f5775fb280\lwjgl-glfw-3.3.1-natives-macos.jar;C:\Users\mgear\scoop\persist\gradle\.gradle\caches\modules-2\files-2.1\org.lwjgl\lwjgl-glfw\3.3.1\cac0d3f712a3da7641fa174735a5f315de7ffe0a\lwjgl-glfw-3.3.1-natives-macos-arm64.jar;C:\Users\mgear\scoop\persist\gradle\.gradle\caches\modules-2\files-2.1\org.lwjgl\lwjgl-glfw\3.3.1\ed892f945cf7e79c8756796f32d00fa4ceaf573b\lwjgl-glfw-3.3.1-natives-windows.jar;C:\Users\mgear\scoop\persist\gradle\.gradle\caches\modules-2\files-2.1\org.lwjgl\lwjgl-glfw\3.3.1\b997e3391d6ce8f05487e7335d95c606043884a1\lwjgl-glfw-3.3.1-natives-windows-x86.jar;C:\Users\mgear\scoop\persist\gradle\.gradle\caches\modules-2\files-2.1\org.lwjgl\lwjgl-jemalloc\3.3.1\a817bcf213db49f710603677457567c37d53e103\lwjgl-jemalloc-3.3.1.jar;C:\Users\mgear\scoop\persist\gradle\.gradle\caches\modules-2\files-2.1\org.lwjgl\lwjgl-jemalloc\3.3.1\33dbb017b6ed6b25f993ad9d56741a49e7937718\lwjgl-jemalloc-3.3.1-natives-linux.jar;C:\Users\mgear\scoop\persist\gradle\.gradle\caches\modules-2\files-2.1\org.lwjgl\lwjgl-jemalloc\3.3.1\a96a6d6cb3876d7813fcee53c3c24f246aeba3b3\lwjgl-jemalloc-3.3.1-natives-linux-arm32.jar;C:\Users\mgear\scoop\persist\gradle\.gradle\caches\modules-2\files-2.1\org.lwjgl\lwjgl-jemalloc\3.3.1\c6606e57db075ad218a2e78d2416c159a53b6a0c\lwjgl-jemalloc-3.3.1-natives-linux-arm64.jar;C:\Users\mgear\scoop\persist\gradle\.gradle\caches\modules-2\files-2.1\org.lwjgl\lwjgl-jemalloc\3.3.1\56424dc8db3cfb8e7b594aa6d59a4f4387b7f544\lwjgl-jemalloc-3.3.1-natives-macos.jar;C:\Users\mgear\scoop\persist\gradle\.gradle\caches\modules-2\files-2.1\org.lwjgl\lwjgl-jemalloc\3.3.1\e577b87d8ad2ade361aaea2fcf226c660b15dee8\lwjgl-jemalloc-3.3.1-natives-macos-arm64.jar;C:\Users\mgear\scoop\persist\gradle\.gradle\caches\modules-2\files-2.1\org.lwjgl\lwjgl-jemalloc\3.3.1\948a89b76a16aa324b046ae9308891216ffce5f9\lwjgl-jemalloc-3.3.1-natives-windows.jar;C:\Users\mgear\scoop\persist\gradle\.gradle\caches\modules-2\files-2.1\org.lwjgl\lwjgl-jemalloc\3.3.1\fb476c8ec110e1c137ad3ce8a7f7bfe6b11c6324\lwjgl-jemalloc-3.3.1-natives-windows-x86.jar;C:\Users\mgear\scoop\persist\gradle\.gradle\caches\modules-2\files-2.1\org.lwjgl\lwjgl-openal\3.3.1\2623a6b8ae1dfcd880738656a9f0243d2e6840bd\lwjgl-openal-3.3.1.jar;C:\Users\mgear\scoop\persist\gradle\.gradle\caches\modules-2\files-2.1\org.lwjgl\lwjgl-openal\3.3.1\f906b6439f6daa66001182ea7727e3467a93681b\lwjgl-openal-3.3.1-natives-linux.jar;C:\Users\mgear\scoop\persist\gradle\.gradle\caches\modules-2\files-2.1\org.lwjgl\lwjgl-openal\3.3.1\ffbe35d7fa5ec9b7eca136a7c71f24d4025a510b\lwjgl-openal-3.3.1-natives-linux-arm32.jar;C:\Users\mgear\scoop\persist\gradle\.gradle\caches\modules-2\files-2.1\org.lwjgl\lwjgl-openal\3.3.1\cf4e303257e82981b8b2e31bba3d7f8f7b8f42b2\lwjgl-openal-3.3.1-natives-linux-arm64.jar;C:\Users\mgear\scoop\persist\gradle\.gradle\caches\modules-2\files-2.1\org.lwjgl\lwjgl-openal\3.3.1\3a57b8911835fb58b5e558d0ca0d28157e263d45\lwjgl-openal-3.3.1-natives-macos.jar;C:\Users\mgear\scoop\persist\gradle\.gradle\caches\modules-2\files-2.1\org.lwjgl\lwjgl-openal\3.3.1\23d55e7490b57495320f6c9e1936d78fd72c4ef8\lwjgl-openal-3.3.1-natives-macos-arm64.jar;C:\Users\mgear\scoop\persist\gradle\.gradle\caches\modules-2\files-2.1\org.lwjgl\lwjgl-openal\3.3.1\30a474d0e57193d7bc128849a3ab66bc9316fdb1\lwjgl-openal-3.3.1-natives-windows.jar;C:\Users\mgear\scoop\persist\gradle\.gradle\caches\modules-2\files-2.1\org.lwjgl\lwjgl-openal\3.3.1\888349f7b1be6fbae58bf8edfb9ef12def04c4e3\lwjgl-openal-3.3.1-natives-windows-x86.jar;C:\Users\mgear\scoop\persist\gradle\.gradle\caches\modules-2\files-2.1\org.lwjgl\lwjgl-opengl\3.3.1\831a5533a21a5f4f81bbc51bb13e9899319b5411\lwjgl-opengl-3.3.1.jar;C:\Users\mgear\scoop\persist\gradle\.gradle\caches\modules-2\files-2.1\org.lwjgl\lwjgl-opengl\3.3.1\ab9ab6fde3743e3550fa5d46d785ecb45b047d99\lwjgl-opengl-3.3.1-natives-linux.jar;C:\Users\mgear\scoop\persist\gradle\.gradle\caches\modules-2\files-2.1\org.lwjgl\lwjgl-opengl\3.3.1\e3550fa91097fd56e361b4370fa822220fef3595\lwjgl-opengl-3.3.1-natives-linux-arm32.jar;C:\Users\mgear\scoop\persist\gradle\.gradle\caches\modules-2\files-2.1\org.lwjgl\lwjgl-opengl\3.3.1\1c528fb258a6e63e8fceb4482d8db0f3af10a634\lwjgl-opengl-3.3.1-natives-linux-arm64.jar;C:\Users\mgear\scoop\persist\gradle\.gradle\caches\modules-2\files-2.1\org.lwjgl\lwjgl-opengl\3.3.1\a0d12697ea019a7362eff26475b0531340e876a6\lwjgl-opengl-3.3.1-natives-macos.jar;C:\Users\mgear\scoop\persist\gradle\.gradle\caches\modules-2\files-2.1\org.lwjgl\lwjgl-opengl\3.3.1\eafe34b871d966292e8db0f1f3d6b8b110d4e91d\lwjgl-opengl-3.3.1-natives-macos-arm64.jar;C:\Users\mgear\scoop\persist\gradle\.gradle\caches\modules-2\files-2.1\org.lwjgl\lwjgl-opengl\3.3.1\c1807e9bd571402787d7e37e3029776ae2513bb8\lwjgl-opengl-3.3.1-natives-windows.jar;C:\Users\mgear\scoop\persist\gradle\.gradle\caches\modules-2\files-2.1\org.lwjgl\lwjgl-opengl\3.3.1\deef3eb9b178ff2ff3ce893cc72ae741c3a17974\lwjgl-opengl-3.3.1-natives-windows-x86.jar;C:\Users\mgear\scoop\persist\gradle\.gradle\caches\modules-2\files-2.1\org.lwjgl\lwjgl-stb\3.3.1\b119297cf8ed01f247abe8685857f8e7fcf5980f\lwjgl-stb-3.3.1.jar;C:\Users\mgear\scoop\persist\gradle\.gradle\caches\modules-2\files-2.1\org.lwjgl\lwjgl-stb\3.3.1\3ee7aec8686e52867677110415566a5342a80230\lwjgl-stb-3.3.1-natives-linux.jar;C:\Users\mgear\scoop\persist\gradle\.gradle\caches\modules-2\files-2.1\org.lwjgl\lwjgl-stb\3.3.1\b08226bab162c06ae69337d8a1b0ee0a3fdf0b90\lwjgl-stb-3.3.1-natives-linux-arm32.jar;C:\Users\mgear\scoop\persist\gradle\.gradle\caches\modules-2\files-2.1\org.lwjgl\lwjgl-stb\3.3.1\8e8348a1813aad7f30aaf75ea197151ebb7beba9\lwjgl-stb-3.3.1-natives-linux-arm64.jar;C:\Users\mgear\scoop\persist\gradle\.gradle\caches\modules-2\files-2.1\org.lwjgl\lwjgl-stb\3.3.1\def8879b8d38a47a4cc1d48b1f9a7b772e51258e\lwjgl-stb-3.3.1-natives-macos.jar;C:\Users\mgear\scoop\persist\gradle\.gradle\caches\modules-2\files-2.1\org.lwjgl\lwjgl-stb\3.3.1\fcf073ed911752abdca5f0b00a53cfdf17ff8e8b\lwjgl-stb-3.3.1-natives-macos-arm64.jar;C:\Users\mgear\scoop\persist\gradle\.gradle\caches\modules-2\files-2.1\org.lwjgl\lwjgl-stb\3.3.1\86315914ac119efdb02dc9e8e978ade84f1702af\lwjgl-stb-3.3.1-natives-windows.jar;C:\Users\mgear\scoop\persist\gradle\.gradle\caches\modules-2\files-2.1\org.lwjgl\lwjgl-stb\3.3.1\a8d41f419eecb430b7c91ea2ce2c5c451cae2091\lwjgl-stb-3.3.1-natives-windows-x86.jar;C:\Users\mgear\scoop\persist\gradle\.gradle\caches\modules-2\files-2.1\org.lwjgl\lwjgl\3.3.1\ae58664f88e18a9bb2c77b063833ca7aaec484cb\lwjgl-3.3.1.jar;C:\Users\mgear\scoop\persist\gradle\.gradle\caches\modules-2\files-2.1\org.lwjgl\lwjgl\3.3.1\1de885aba434f934201b99f2f1afb142036ac189\lwjgl-3.3.1-natives-linux.jar;C:\Users\mgear\scoop\persist\gradle\.gradle\caches\modules-2\files-2.1\org.lwjgl\lwjgl\3.3.1\41a3c1dd15d6b964eb8196dde69720a3e3e5e969\lwjgl-3.3.1-natives-linux-arm32.jar;C:\Users\mgear\scoop\persist\gradle\.gradle\caches\modules-2\files-2.1\org.lwjgl\lwjgl\3.3.1\b597401014acb7196c76d97e15a6288f54f1f692\lwjgl-3.3.1-natives-linux-arm64.jar;C:\Users\mgear\scoop\persist\gradle\.gradle\caches\modules-2\files-2.1\org.lwjgl\lwjgl\3.3.1\fc6bb723dec2cd031557dccb2a95f0ab80acb9db\lwjgl-3.3.1-natives-macos.jar;C:\Users\mgear\scoop\persist\gradle\.gradle\caches\modules-2\files-2.1\org.lwjgl\lwjgl\3.3.1\71d0d5e469c9c95351eb949064497e3391616ac9\lwjgl-3.3.1-natives-macos-arm64.jar;C:\Users\mgear\scoop\persist\gradle\.gradle\caches\modules-2\files-2.1\org.lwjgl\lwjgl\3.3.1\36c37f16ab611b3aa11f3bcf80b1d509b4ce6b\lwjgl-3.3.1-natives-windows.jar;C:\Users\mgear\scoop\persist\gradle\.gradle\caches\modules-2\files-2.1\org.lwjgl\lwjgl\3.3.1\3b14f4beae9dd39791ec9e12190a9380cd8a3ce6\lwjgl-3.3.1-natives-windows-x86.jar;C:\Users\mgear\scoop\persist\gradle\.gradle\caches\modules-2\files-2.1\com.badlogicgames.jlayer\jlayer\1.0.1-gdx\7cca83cec5c1b2f011362f4d85aabd71a73b049d\jlayer-1.0.1-gdx.jar;C:\Users\mgear\scoop\persist\gradle\.gradle\caches\modules-2\files-2.1\org.jcraft\jorbis\0.0.17\8872d22b293e8f5d7d56ff92be966e6dc28ebdc6\jorbis-0.0.17.jar
Launcher Type: SUN_STANDARD

[Global flags]
     intx CICompilerCount                          = 12                                        {product} {ergonomic}
     uint ConcGCThreads                            = 3                                         {product} {ergonomic}
     uint G1ConcRefinementThreads                  = 13                                        {product} {ergonomic}
   size_t G1HeapRegionSize                         = 4194304                                   {product} {ergonomic}
    uintx GCDrainStackTargetSize                   = 64                                        {product} {ergonomic}
   size_t InitialHeapSize                          = 536870912                                 {product} {ergonomic}
   size_t MarkStackSize                            = 4194304                                   {product} {ergonomic}
   size_t MaxHeapSize                              = 8564768768                                {product} {ergonomic}
   size_t MaxNewSize                               = 5138022400                                {product} {ergonomic}
   size_t MinHeapDeltaBytes                        = 4194304                                   {product} {ergonomic}
   size_t MinHeapSize                              = 8388608                                   {product} {ergonomic}
    uintx NonNMethodCodeHeapSize                   = 7602480                                {pd product} {ergonomic}
    uintx NonProfiledCodeHeapSize                  = 122027880                              {pd product} {ergonomic}
    uintx ProfiledCodeHeapSize                     = 122027880                              {pd product} {ergonomic}
    uintx ReservedCodeCacheSize                    = 251658240                              {pd product} {ergonomic}
     bool SegmentedCodeCache                       = true                                      {product} {ergonomic}
   size_t SoftMaxHeapSize                          = 8564768768                             {manageable} {ergonomic}
     bool UseCompressedOops                        = true                           {product lp64_product} {ergonomic}
     bool UseG1GC                                  = true                                      {product} {ergonomic}
     bool UseLargePagesIndividualAllocation        = false                                  {pd product} {ergonomic}

Logging:
Log output configuration:
 #0: stdout all=warning uptime,level,tags foldmultilines=false
 #1: stderr all=off uptime,level,tags foldmultilines=false

Environment Variables:
JAVA_HOME=C:\Program Files\Java\jdk-21
PATH=C:\Program Files\BellSoft\LibericaJDK-17\bin\;C:\Program Files\Common Files\Oracle\Java\javapath;C:\Python314\Scripts\;C:\Python314\;C:\Program Files (x86)\Common Files\Oracle\Java\javapath;C:\Program Files\OpenJDK\jdk-11.0.11.9-hotspot\bin;C:\Program Files (x86)\Razer Chroma SDK\bin;C:\Program Files\Razer Chroma SDK\bin;C:\Program Files (x86)\Razer\ChromaBroadcast\bin;C:\Program Files\Razer\ChromaBroadcast\bin;C:\windows\system32;C:\windows;C:\windows\System32\Wbem;C:\windows\System32\WindowsPowerShell\v1.0\;C:\windows\System32\OpenSSH\;C:\Program Files (x86)\NVIDIA Corporation\PhysX\Common;C:\Program Files\Git\cmd;C:\windows\system32\config\systemprofile\AppData\Local\Microsoft\WindowsApps;C:\Program Files\RedHat\java-1.8.0-openjdk-1.8.0.312-2\bin;C:\Program Files\RedHat\java-1.8.0-openjdk-1.8.0.312-2\jre\bin;C:\Program Files\NVIDIA Corporation\NVIDIA app\NvDLISR;C:\Program Files\dotnet\;C:\Program Files\nodejs\;C:\ProgramData\chocolatey\bin;C:\Program Files\BellSoft\LibericaJDK-17\\bin;C:\Program Files\Common Files\Oracle\Java\javapath;C:\Python314\Scripts\;C:\Python314\;C:\Program Files\BellSoft\LibericaJDK-17\bin\;C:\Program Files (x86)\Common Files\Oracle\Java\javapath;C:\Program Files\OpenJDK\jdk-11.0.11.9-hotspot\bin;C:\Program Files (x86)\Razer Chroma SDK\bin;C:\Program Files\Razer Chroma SDK\bin;C:\Program Files (x86)\Razer\ChromaBroadcast\bin;C:\Program Files\Razer\ChromaBroadcast\bin;C:\windows\system32;C:\windows;C:\windows\System32\Wbem;C:\windows\System32\WindowsPowerShell\v1.0\;C:\windows\System32\OpenSSH\;C:\Program Files (x86)\NVIDIA Corporation\PhysX\Common;C:\Program Files\Git\cmd;C:\windows\system32\config\systemprofile\AppData\Local\Microsoft\WindowsApps;C:\Program Files\RedHat\java-1.8.0-openjdk-1.8.0.312-2\bin;C:\Program Files\RedHat\java-1.8.0-openjdk-1.8.0.312-2\jre\bin;C:\Program Files\NVIDIA Corporation\NVIDIA app\NvDLISR;C:\Program Files\dotnet\;C:\Program Files\nodejs\;C:\ProgramData\chocolatey\bin;C:\Users\mgear\scoop
USERNAME=mgear
OS=Windows_NT
PROCESSOR_IDENTIFIER=Intel64 Family 6 Model 165 Stepping 5, GenuineIntel
TMP=C:\Users\mgear\AppData\Local\Temp
TEMP=C:\Users\mgear\AppData\Local\Temp




Periodic native trim disabled

---------------  S Y S T E M  ---------------

OS:
 Windows 10 , 64 bit Build 19041 (10.0.19041.5915)
OS uptime: 19 days 15:20 hours

CPU: total 16 (initial active 16) (8 cores per cpu, 2 threads per core) family 6 model 165 stepping 5 microcode 0xe2, cx8, cmov, fxsr, ht, mmx, 3dnowpref, sse, sse2, sse3, ssse3, sse4.1, sse4.2, popcnt, lzcnt, tsc, tscinvbit, avx, avx2, aes, erms, clmul, bmi1, bmi2, adx, fma, vzeroupper, clflush, clflushopt, rdtscp, f16c, pku
Processor Information for the first 16 processors :
  Max Mhz: 3792, Current Mhz: 3792, Mhz Limit: 3792

Memory: 4k page, system-wide physical 32671M (14165M free)
TotalPageFile size 38793M (AvailPageFile size 11890M)
current process WorkingSet (physical memory assigned to process): 59M, peak: 59M
current process commit charge ("private bytes"): 626M, peak: 626M

vm_info: OpenJDK 64-Bit Server VM (21.0.8+9-LTS) for windows-amd64 JRE (21.0.8+9-LTS), built on 2025-07-10T20:22:44Z by "MicrosoftCorporation" with unknown MS VC++:1944

END.
